$VAR1 = bless( {
                 'is_author' => undef,
                 'stash' => {},
                 'is_admin' => undef,
                 'user_id' => '1',
                 'id' => '807516672746934928072671980852550856',
                 'username' => 'eautalk'
               }, 'Dancer::Session::Simple' );
$VAR1 = bless( {
                 'is_author' => '1',
                 'stash' => {},
                 'is_admin' => '1',
                 'user_id' => '1',
                 'id' => '807516672746934928072671980852550856',
                 'username' => 'eautalk'
               }, 'Dancer::Session::Simple' );
$VAR1 = bless( {
                 'is_author' => '1',
                 'stash' => {},
                 'is_admin' => '1',
                 'user_id' => '1',
                 'id' => '563622721433312724940398531791734402',
                 'username' => 'eautalk'
               }, 'Dancer::Session::Simple' );
$VAR1 = bless( {
                 'is_author' => '1',
                 'stash' => {},
                 'is_admin' => '1',
                 'user_id' => '1',
                 'id' => '978646746779284877586079635760119991',
                 'username' => 'eautalk'
               }, 'Dancer::Session::Simple' );
$VAR1 = bless( {
                 'is_author' => '1',
                 'stash' => {},
                 'is_admin' => '1',
                 'user_id' => '1',
                 'id' => '59788893040832647196037371767084109',
                 'username' => 'eautalk'
               }, 'Dancer::Session::Simple' );
$VAR1 = [
          {
            'term' => 'summer'
          },
          {
            'term' => 'cool'
          }
        ];
$VAR1 = [
          {
            'term' => 'summer'
          },
          {
            'term' => 'cool'
          }
        ];
$VAR1 = [
          {
            'term' => 'summer'
          },
          {
            'term' => 'cool'
          }
        ];
$VAR1 = 'summer, cool';
$VAR1 = [
          {
            'term' => 'summer'
          },
          {
            'term' => 'cool'
          }
        ];
$VAR1 = 'summer, cool';
$VAR1 = [
          {
            'term' => 'summer'
          },
          {
            'term' => 'cool'
          }
        ];
$VAR1 = undef;
$VAR1 = [
          {
            'term' => 'summer'
          },
          {
            'term' => 'cool'
          }
        ];
$VAR1 = 'hi nick!';
$VAR1 = [
          {
            'term' => 'summer'
          },
          {
            'term' => 'cool'
          }
        ];
$VAR1 = 'hi nick!';
$VAR1 = [
          {
            'term' => 'summer'
          },
          {
            'term' => 'cool'
          }
        ];
$VAR1 = 'hi nick!';
$VAR1 = [
          {
            'term' => 'summer'
          },
          {
            'term' => 'cool'
          }
        ];
$VAR1 = bless( {
                 'is_author' => '1',
                 'stash' => {},
                 'is_admin' => '1',
                 'user_id' => '1',
                 'id' => '7791283883451592169316207412411234',
                 'username' => 'eautalk'
               }, 'Dancer::Session::Simple' );
$VAR1 = [
          {
            'term' => 'summer'
          },
          {
            'term' => 'cool'
          }
        ];
$VAR1 = [
          {
            'term' => 'summer'
          },
          {
            'term' => 'cool'
          }
        ];
$VAR1 = bless( {
                 'is_author' => '1',
                 'stash' => {},
                 'is_admin' => '1',
                 'user_id' => '1',
                 'id' => '7791283883451592169316207412411234',
                 'username' => 'eautalk'
               }, 'Dancer::Session::Simple' );
$VAR1 = [
          {
            'term' => 'summer'
          },
          {
            'term' => 'cool'
          }
        ];
$VAR1 = bless( {
                 'is_author' => '1',
                 'stash' => {},
                 'is_admin' => '1',
                 'user_id' => '1',
                 'id' => '7791283883451592169316207412411234',
                 'username' => 'eautalk'
               }, 'Dancer::Session::Simple' );
$VAR1 = [
          {
            'term' => 'summer'
          },
          {
            'term' => 'cool'
          }
        ];
$VAR1 = [
          {
            'term' => 'summer'
          },
          {
            'term' => 'cool'
          }
        ];
$VAR1 = bless( {
                 'is_author' => '1',
                 'stash' => {},
                 'is_admin' => '1',
                 'user_id' => '1',
                 'id' => '88726433244352627655343390679112276',
                 'username' => 'eautalk'
               }, 'Dancer::Session::Simple' );
$VAR1 = [
          {
            'term' => 'summer'
          },
          {
            'term' => 'cool'
          }
        ];
$VAR1 = [
          {
            'term' => 'summer'
          },
          {
            'term' => 'cool'
          }
        ];
$VAR1 = bless( {
                 'is_author' => '1',
                 'stash' => {},
                 'is_admin' => '1',
                 'user_id' => '1',
                 'id' => '26014276583042928293195180062979282',
                 'username' => 'eautalk'
               }, 'Dancer::Session::Simple' );
$VAR1 = {
          'front_page' => '1',
          'name' => 'testing-cms',
          'orig_tags' => 'summer, cool',
          'a_id' => '1',
          'tags' => 'summer, cool',
          'published' => '1',
          'cat' => '1',
          'html' => '<p>hi nick! werg wegwg we</p>',
          'id' => '',
          'title' => 'Testing CMS'
        };
$VAR1 = bless( {
                 'is_author' => '1',
                 'stash' => {},
                 'is_admin' => '1',
                 'user_id' => '1',
                 'id' => '787946721874371833876999220476366847',
                 'username' => 'eautalk'
               }, 'Dancer::Session::Simple' );
$VAR1 = bless( {
                 'is_author' => '1',
                 'stash' => {},
                 'is_admin' => '1',
                 'user_id' => '1',
                 'id' => '65321383364599386059823603129794008',
                 'username' => 'eautalk'
               }, 'Dancer::Session::Simple' );
$VAR1 = [
          {
            'term' => 'summer'
          },
          {
            'term' => 'cool'
          }
        ];
$VAR1 = bless( {
                 'is_author' => '1',
                 'stash' => {},
                 'is_admin' => '1',
                 'user_id' => '1',
                 'id' => '65321383364599386059823603129794008',
                 'username' => 'eautalk'
               }, 'Dancer::Session::Simple' );
$VAR1 = bless( {
                 'is_author' => '1',
                 'stash' => {},
                 'is_admin' => '1',
                 'user_id' => '1',
                 'id' => '690066405593159139828735696581511711',
                 'username' => 'eautalk'
               }, 'Dancer::Session::Simple' );
$VAR1 = [
          {
            'term' => 'summer'
          },
          {
            'term' => 'cool'
          }
        ];
$VAR1 = [];
$VAR1 = [];
$VAR1 = [];
$VAR1 = [];
$VAR1 = [];
$VAR1 = [];
